-- The C compiler identification is GNU 11.4.0
-- The CXX compiler identification is GNU 11.4.0
-- Detecting C compiler ABI info
-- Detecting C compiler ABI info - done
-- Check for working C compiler: /usr/bin/cc - skipped
-- Detecting C compile features
-- Detecting C compile features - done
-- Detecting CXX compiler ABI info
-- Detecting CXX compiler ABI info - done
-- Check for working CXX compiler: /usr/bin/c++ - skipped
-- Detecting CXX compile features
-- Detecting CXX compile features - done
-- Found ament_cmake: 1.3.11 (/opt/ros/humble/share/ament_cmake/cmake)
-- Found Python3: /usr/bin/python3 (found version "3.10.12") found components: Interpreter 
-- Found rclcpp: 16.0.12 (/opt/ros/humble/share/rclcpp/cmake)
-- Found rosidl_generator_c: 3.1.6 (/opt/ros/humble/share/rosidl_generator_c/cmake)
-- Found rosidl_adapter: 3.1.6 (/opt/ros/humble/share/rosidl_adapter/cmake)
-- Found rosidl_generator_cpp: 3.1.6 (/opt/ros/humble/share/rosidl_generator_cpp/cmake)
-- Using all available rosidl_typesupport_c: rosidl_typesupport_fastrtps_c;rosidl_typesupport_introspection_c
-- Using all available rosidl_typesupport_cpp: rosidl_typesupport_fastrtps_cpp;rosidl_typesupport_introspection_cpp
-- Found rmw_implementation_cmake: 6.1.2 (/opt/ros/humble/share/rmw_implementation_cmake/cmake)
-- Found rmw_fastrtps_cpp: 6.2.7 (/opt/ros/humble/share/rmw_fastrtps_cpp/cmake)
-- Found OpenSSL: /usr/lib/x86_64-linux-gnu/libcrypto.so (found version "3.0.2")  
-- Found FastRTPS: /opt/ros/humble/include  
-- Using RMW implementation 'rmw_fastrtps_cpp' as default
-- Looking for pthread.h
-- Looking for pthread.h - found
-- Performing Test CMAKE_HAVE_LIBC_PTHREAD
-- Performing Test CMAKE_HAVE_LIBC_PTHREAD - Success
-- Found Threads: TRUE  
-- Found rclpy: 3.3.16 (/opt/ros/humble/share/rclpy/cmake)
-- Found urdf: 2.6.1 (/opt/ros/humble/share/urdf/cmake)
-- Found rviz2: 11.2.17 (/opt/ros/humble/share/rviz2/cmake)
-- Configuring done
-- Generating done
-- Build files have been written to: /home/zenter/transporter_ws/src/transporter_description/build/transporter_description
[ 50%] [32mBuilding CXX object CMakeFiles/cpp_node_test.dir/src/cpp_node.cpp.o[0m
[ 50%] Built target ament_cmake_python_copy_transporter_description
running egg_info
creating transporter_description.egg-info
writing transporter_description.egg-info/PKG-INFO
writing dependency_links to transporter_description.egg-info/dependency_links.txt
writing top-level names to transporter_description.egg-info/top_level.txt
writing manifest file 'transporter_description.egg-info/SOURCES.txt'
reading manifest file 'transporter_description.egg-info/SOURCES.txt'
writing manifest file 'transporter_description.egg-info/SOURCES.txt'
[ 50%] Built target ament_cmake_python_build_transporter_description_egg
[100%] [32m[1mLinking CXX executable cpp_node_test[0m
[100%] Built target cpp_node_test
-- Install configuration: ""
-- Installing: /home/zenter/transporter_ws/src/transporter_description/install/transporter_description/share/transporter_description/environment/pythonpath.sh
-- Installing: /home/zenter/transporter_ws/src/transporter_description/install/transporter_description/share/transporter_description/environment/pythonpath.dsv
-- Installing: /home/zenter/transporter_ws/src/transporter_description/install/transporter_description/local/lib/python3.10/dist-packages/transporter_description-0.0.0-py3.10.egg-info
-- Installing: /home/zenter/transporter_ws/src/transporter_description/install/transporter_description/local/lib/python3.10/dist-packages/transporter_description-0.0.0-py3.10.egg-info/top_level.txt
-- Installing: /home/zenter/transporter_ws/src/transporter_description/install/transporter_description/local/lib/python3.10/dist-packages/transporter_description-0.0.0-py3.10.egg-info/SOURCES.txt
-- Installing: /home/zenter/transporter_ws/src/transporter_description/install/transporter_description/local/lib/python3.10/dist-packages/transporter_description-0.0.0-py3.10.egg-info/dependency_links.txt
-- Installing: /home/zenter/transporter_ws/src/transporter_description/install/transporter_description/local/lib/python3.10/dist-packages/transporter_description-0.0.0-py3.10.egg-info/PKG-INFO
-- Installing: /home/zenter/transporter_ws/src/transporter_description/install/transporter_description/local/lib/python3.10/dist-packages/transporter_description
-- Installing: /home/zenter/transporter_ws/src/transporter_description/install/transporter_description/local/lib/python3.10/dist-packages/transporter_description/__init__.py
-- Installing: /home/zenter/transporter_ws/src/transporter_description/install/transporter_description/local/lib/python3.10/dist-packages/transporter_description/dummy_module.py
Listing '/home/zenter/transporter_ws/src/transporter_description/install/transporter_description/local/lib/python3.10/dist-packages/transporter_description'...
Compiling '/home/zenter/transporter_ws/src/transporter_description/install/transporter_description/local/lib/python3.10/dist-packages/transporter_description/__init__.py'...
Compiling '/home/zenter/transporter_ws/src/transporter_description/install/transporter_description/local/lib/python3.10/dist-packages/transporter_description/dummy_module.py'...
-- Installing: /home/zenter/transporter_ws/src/transporter_description/install/transporter_description/lib/transporter_description/dummy_script.py
-- Installing: /home/zenter/transporter_ws/src/transporter_description/install/transporter_description/lib/transporter_description/cpp_node_test
-- Set runtime path of "/home/zenter/transporter_ws/src/transporter_description/install/transporter_description/lib/transporter_description/cpp_node_test" to ""
-- Installing: /home/zenter/transporter_ws/src/transporter_description/install/transporter_description/share/transporter_description/rviz
-- Installing: /home/zenter/transporter_ws/src/transporter_description/install/transporter_description/share/transporter_description/rviz/transport_visual_RVIZ.rviz
-- Installing: /home/zenter/transporter_ws/src/transporter_description/install/transporter_description/share/transporter_description/launch
-- Installing: /home/zenter/transporter_ws/src/transporter_description/install/transporter_description/share/transporter_description/launch/transporter_rviz.launch.py
-- Installing: /home/zenter/transporter_ws/src/transporter_description/install/transporter_description/share/transporter_description/urdf
-- Installing: /home/zenter/transporter_ws/src/transporter_description/install/transporter_description/share/transporter_description/urdf/solar_urdf2.urdf
-- Installing: /home/zenter/transporter_ws/src/transporter_description/install/transporter_description/share/transporter_description/urdf/solar_urdf2.csv
-- Installing: /home/zenter/transporter_ws/src/transporter_description/install/transporter_description/share/transporter_description/meshes
-- Installing: /home/zenter/transporter_ws/src/transporter_description/install/transporter_description/share/transporter_description/meshes/TEEN3.STL
-- Installing: /home/zenter/transporter_ws/src/transporter_description/install/transporter_description/share/transporter_description/meshes/WHEEL4.STL
-- Installing: /home/zenter/transporter_ws/src/transporter_description/install/transporter_description/share/transporter_description/meshes/WHEEL3.STL
-- Installing: /home/zenter/transporter_ws/src/transporter_description/install/transporter_description/share/transporter_description/meshes/TEEN2.STL
-- Installing: /home/zenter/transporter_ws/src/transporter_description/install/transporter_description/share/transporter_description/meshes/TEEN1.STL
-- Installing: /home/zenter/transporter_ws/src/transporter_description/install/transporter_description/share/transporter_description/meshes/base_link.STL
-- Installing: /home/zenter/transporter_ws/src/transporter_description/install/transporter_description/share/transporter_description/meshes/WHEEL2.STL
-- Installing: /home/zenter/transporter_ws/src/transporter_description/install/transporter_description/share/transporter_description/meshes/TEEN4.STL
-- Installing: /home/zenter/transporter_ws/src/transporter_description/install/transporter_description/share/transporter_description/meshes/WHEEL1.STL
-- Installing: /home/zenter/transporter_ws/src/transporter_description/install/transporter_description/share/ament_index/resource_index/package_run_dependencies/transporter_description
-- Installing: /home/zenter/transporter_ws/src/transporter_description/install/transporter_description/share/ament_index/resource_index/parent_prefix_path/transporter_description
-- Installing: /home/zenter/transporter_ws/src/transporter_description/install/transporter_description/share/transporter_description/environment/ament_prefix_path.sh
-- Installing: /home/zenter/transporter_ws/src/transporter_description/install/transporter_description/share/transporter_description/environment/ament_prefix_path.dsv
-- Installing: /home/zenter/transporter_ws/src/transporter_description/install/transporter_description/share/transporter_description/environment/path.sh
-- Installing: /home/zenter/transporter_ws/src/transporter_description/install/transporter_description/share/transporter_description/environment/path.dsv
-- Installing: /home/zenter/transporter_ws/src/transporter_description/install/transporter_description/share/transporter_description/local_setup.bash
-- Installing: /home/zenter/transporter_ws/src/transporter_description/install/transporter_description/share/transporter_description/local_setup.sh
-- Installing: /home/zenter/transporter_ws/src/transporter_description/install/transporter_description/share/transporter_description/local_setup.zsh
-- Installing: /home/zenter/transporter_ws/src/transporter_description/install/transporter_description/share/transporter_description/local_setup.dsv
-- Installing: /home/zenter/transporter_ws/src/transporter_description/install/transporter_description/share/transporter_description/package.dsv
-- Installing: /home/zenter/transporter_ws/src/transporter_description/install/transporter_description/share/ament_index/resource_index/packages/transporter_description
-- Installing: /home/zenter/transporter_ws/src/transporter_description/install/transporter_description/share/transporter_description/cmake/transporter_descriptionConfig.cmake
-- Installing: /home/zenter/transporter_ws/src/transporter_description/install/transporter_description/share/transporter_description/cmake/transporter_descriptionConfig-version.cmake
-- Installing: /home/zenter/transporter_ws/src/transporter_description/install/transporter_description/share/transporter_description/package.xml
