[0.006s] Invoking command in '/home/zenter/transporter_ws/src/transporter_description/build/transporter_description': CMAKE_PREFIX_PATH=${CMAKE_PREFIX_PATH}:/opt/ros/humble /usr/bin/cmake --build /home/zenter/transporter_ws/src/transporter_description/build/transporter_description -- -j24 -l24
[0.038s] [100%] Built target cpp_node_test
[0.044s] [100%] Built target ament_cmake_python_copy_transporter_description
[0.166s] running egg_info
[0.167s] writing transporter_description.egg-info/PKG-INFO
[0.167s] writing dependency_links to transporter_description.egg-info/dependency_links.txt
[0.167s] writing top-level names to transporter_description.egg-info/top_level.txt
[0.168s] reading manifest file 'transporter_description.egg-info/SOURCES.txt'
[0.168s] writing manifest file 'transporter_description.egg-info/SOURCES.txt'
[0.183s] [100%] Built target ament_cmake_python_build_transporter_description_egg
[0.191s] Invoked command in '/home/zenter/transporter_ws/src/transporter_description/build/transporter_description' returned '0': CMAKE_PREFIX_PATH=${CMAKE_PREFIX_PATH}:/opt/ros/humble /usr/bin/cmake --build /home/zenter/transporter_ws/src/transporter_description/build/transporter_description -- -j24 -l24
[0.196s] Invoking command in '/home/zenter/transporter_ws/src/transporter_description/build/transporter_description': CMAKE_PREFIX_PATH=${CMAKE_PREFIX_PATH}:/opt/ros/humble /usr/bin/cmake --install /home/zenter/transporter_ws/src/transporter_description/build/transporter_description
[0.201s] -- Install configuration: ""
[0.201s] -- Up-to-date: /home/zenter/transporter_ws/src/transporter_description/install/transporter_description/share/transporter_description/environment/pythonpath.sh
[0.201s] -- Up-to-date: /home/zenter/transporter_ws/src/transporter_description/install/transporter_description/share/transporter_description/environment/pythonpath.dsv
[0.201s] -- Up-to-date: /home/zenter/transporter_ws/src/transporter_description/install/transporter_description/local/lib/python3.10/dist-packages/transporter_description-0.0.0-py3.10.egg-info
[0.201s] -- Installing: /home/zenter/transporter_ws/src/transporter_description/install/transporter_description/local/lib/python3.10/dist-packages/transporter_description-0.0.0-py3.10.egg-info/top_level.txt
[0.201s] -- Installing: /home/zenter/transporter_ws/src/transporter_description/install/transporter_description/local/lib/python3.10/dist-packages/transporter_description-0.0.0-py3.10.egg-info/SOURCES.txt
[0.201s] -- Installing: /home/zenter/transporter_ws/src/transporter_description/install/transporter_description/local/lib/python3.10/dist-packages/transporter_description-0.0.0-py3.10.egg-info/dependency_links.txt
[0.202s] -- Installing: /home/zenter/transporter_ws/src/transporter_description/install/transporter_description/local/lib/python3.10/dist-packages/transporter_description-0.0.0-py3.10.egg-info/PKG-INFO
[0.202s] -- Up-to-date: /home/zenter/transporter_ws/src/transporter_description/install/transporter_description/local/lib/python3.10/dist-packages/transporter_description
[0.202s] -- Up-to-date: /home/zenter/transporter_ws/src/transporter_description/install/transporter_description/local/lib/python3.10/dist-packages/transporter_description/__init__.py
[0.202s] -- Up-to-date: /home/zenter/transporter_ws/src/transporter_description/install/transporter_description/local/lib/python3.10/dist-packages/transporter_description/dummy_module.py
[0.219s] Listing '/home/zenter/transporter_ws/src/transporter_description/install/transporter_description/local/lib/python3.10/dist-packages/transporter_description'...
[0.221s] -- Up-to-date: /home/zenter/transporter_ws/src/transporter_description/install/transporter_description/lib/transporter_description/dummy_script.py
[0.221s] -- Up-to-date: /home/zenter/transporter_ws/src/transporter_description/install/transporter_description/lib/transporter_description/cpp_node_test
[0.221s] -- Up-to-date: /home/zenter/transporter_ws/src/transporter_description/install/transporter_description/share/transporter_description/rviz
[0.221s] -- Up-to-date: /home/zenter/transporter_ws/src/transporter_description/install/transporter_description/share/transporter_description/rviz/transport_visual_RVIZ.rviz
[0.221s] -- Up-to-date: /home/zenter/transporter_ws/src/transporter_description/install/transporter_description/share/transporter_description/launch
[0.221s] -- Up-to-date: /home/zenter/transporter_ws/src/transporter_description/install/transporter_description/share/transporter_description/launch/transporter_rviz.launch.py
[0.221s] -- Up-to-date: /home/zenter/transporter_ws/src/transporter_description/install/transporter_description/share/transporter_description/urdf
[0.221s] -- Installing: /home/zenter/transporter_ws/src/transporter_description/install/transporter_description/share/transporter_description/urdf/solar_urdf2.urdf
[0.221s] -- Up-to-date: /home/zenter/transporter_ws/src/transporter_description/install/transporter_description/share/transporter_description/urdf/solar_urdf2.csv
[0.221s] -- Up-to-date: /home/zenter/transporter_ws/src/transporter_description/install/transporter_description/share/transporter_description/meshes
[0.221s] -- Up-to-date: /home/zenter/transporter_ws/src/transporter_description/install/transporter_description/share/transporter_description/meshes/TEEN3.STL
[0.221s] -- Up-to-date: /home/zenter/transporter_ws/src/transporter_description/install/transporter_description/share/transporter_description/meshes/WHEEL4.STL
[0.221s] -- Up-to-date: /home/zenter/transporter_ws/src/transporter_description/install/transporter_description/share/transporter_description/meshes/WHEEL3.STL
[0.222s] -- Up-to-date: /home/zenter/transporter_ws/src/transporter_description/install/transporter_description/share/transporter_description/meshes/TEEN2.STL
[0.222s] -- Up-to-date: /home/zenter/transporter_ws/src/transporter_description/install/transporter_description/share/transporter_description/meshes/TEEN1.STL
[0.222s] -- Up-to-date: /home/zenter/transporter_ws/src/transporter_description/install/transporter_description/share/transporter_description/meshes/base_link.STL
[0.222s] -- Up-to-date: /home/zenter/transporter_ws/src/transporter_description/install/transporter_description/share/transporter_description/meshes/WHEEL2.STL
[0.222s] -- Up-to-date: /home/zenter/transporter_ws/src/transporter_description/install/transporter_description/share/transporter_description/meshes/TEEN4.STL
[0.222s] -- Up-to-date: /home/zenter/transporter_ws/src/transporter_description/install/transporter_description/share/transporter_description/meshes/WHEEL1.STL
[0.222s] -- Up-to-date: /home/zenter/transporter_ws/src/transporter_description/install/transporter_description/share/ament_index/resource_index/package_run_dependencies/transporter_description
[0.222s] -- Up-to-date: /home/zenter/transporter_ws/src/transporter_description/install/transporter_description/share/ament_index/resource_index/parent_prefix_path/transporter_description
[0.222s] -- Up-to-date: /home/zenter/transporter_ws/src/transporter_description/install/transporter_description/share/transporter_description/environment/ament_prefix_path.sh
[0.222s] -- Up-to-date: /home/zenter/transporter_ws/src/transporter_description/install/transporter_description/share/transporter_description/environment/ament_prefix_path.dsv
[0.222s] -- Up-to-date: /home/zenter/transporter_ws/src/transporter_description/install/transporter_description/share/transporter_description/environment/path.sh
[0.222s] -- Up-to-date: /home/zenter/transporter_ws/src/transporter_description/install/transporter_description/share/transporter_description/environment/path.dsv
[0.222s] -- Up-to-date: /home/zenter/transporter_ws/src/transporter_description/install/transporter_description/share/transporter_description/local_setup.bash
[0.222s] -- Up-to-date: /home/zenter/transporter_ws/src/transporter_description/install/transporter_description/share/transporter_description/local_setup.sh
[0.222s] -- Up-to-date: /home/zenter/transporter_ws/src/transporter_description/install/transporter_description/share/transporter_description/local_setup.zsh
[0.222s] -- Up-to-date: /home/zenter/transporter_ws/src/transporter_description/install/transporter_description/share/transporter_description/local_setup.dsv
[0.222s] -- Installing: /home/zenter/transporter_ws/src/transporter_description/install/transporter_description/share/transporter_description/package.dsv
[0.222s] -- Up-to-date: /home/zenter/transporter_ws/src/transporter_description/install/transporter_description/share/ament_index/resource_index/packages/transporter_description
[0.222s] -- Up-to-date: /home/zenter/transporter_ws/src/transporter_description/install/transporter_description/share/transporter_description/cmake/transporter_descriptionConfig.cmake
[0.222s] -- Up-to-date: /home/zenter/transporter_ws/src/transporter_description/install/transporter_description/share/transporter_description/cmake/transporter_descriptionConfig-version.cmake
[0.222s] -- Up-to-date: /home/zenter/transporter_ws/src/transporter_description/install/transporter_description/share/transporter_description/package.xml
[0.223s] Invoked command in '/home/zenter/transporter_ws/src/transporter_description/build/transporter_description' returned '0': CMAKE_PREFIX_PATH=${CMAKE_PREFIX_PATH}:/opt/ros/humble /usr/bin/cmake --install /home/zenter/transporter_ws/src/transporter_description/build/transporter_description
